2024-10-03 22:04:55 - Starting FinanceTransactionRecordApplication using Java 23 with PID 1208 (D:\Projects\fincords-backend\FinanceTransactionRecord\target\classes started by shamil.muhyin in D:\Projects\fincords-backend\FinanceTransactionRecord)
2024-10-03 22:04:55 - Running with Spring Boot v3.3.4, Spring v6.1.13
2024-10-03 22:04:55 - The following 1 profile is active: "dev"
2024-10-03 22:04:55 - Devtools property defaults active! Set 'spring.devtools.add-properties' to 'false' to disable
2024-10-03 22:04:55 - For additional web related logging consider setting the 'logging.level.web' property to 'DEBUG'
2024-10-03 22:04:57 - Bootstrapping Spring Data JPA repositories in DEFAULT mode.
2024-10-03 22:04:57 - Finished Spring Data repository scanning in 123 ms. Found 2 JPA repository interfaces.
2024-10-03 22:04:58 - Tomcat initialized with port 8080 (http)
2024-10-03 22:04:58 - Starting service [Tomcat]
2024-10-03 22:04:58 - Starting Servlet engine: [Apache Tomcat/10.1.30]
2024-10-03 22:04:58 - Initializing Spring embedded WebApplicationContext
2024-10-03 22:04:58 - Root WebApplicationContext: initialization completed in 2916 ms
2024-10-03 22:04:59 - HHH000204: Processing PersistenceUnitInfo [name: default]
2024-10-03 22:04:59 - HHH000412: Hibernate ORM core version 6.5.3.Final
2024-10-03 22:04:59 - HHH000026: Second-level cache disabled
2024-10-03 22:04:59 - No LoadTimeWeaver setup: ignoring JPA class transformer
2024-10-03 22:04:59 - HikariPool-1 - Starting...
2024-10-03 22:05:00 - HikariPool-1 - Added connection com.mysql.cj.jdbc.ConnectionImpl@68998a
2024-10-03 22:05:00 - HikariPool-1 - Start completed.
2024-10-03 22:05:00 - HHH90000025: MySQL8Dialect does not need to be specified explicitly using 'hibernate.dialect' (remove the property setting and it will be selected by default)
2024-10-03 22:05:00 - HHH90000026: MySQL8Dialect has been deprecated; use org.hibernate.dialect.MySQLDialect instead
2024-10-03 22:05:01 - HHH000489: No JTA platform available (set 'hibernate.transaction.jta.platform' to enable JTA platform integration)
2024-10-03 22:05:01 - Initialized JPA EntityManagerFactory for persistence unit 'default'
2024-10-03 22:05:01 - spring.jpa.open-in-view is enabled by default. Therefore, database queries may be performed during view rendering. Explicitly configure spring.jpa.open-in-view to disable this warning
2024-10-03 22:05:02 - LiveReload server is running on port 35729
2024-10-03 22:05:02 - Exposing 1 endpoint beneath base path '/actuator'
2024-10-03 22:05:02 - Tomcat started on port 8080 (http) with context path '/'
2024-10-03 22:05:02 - Started FinanceTransactionRecordApplication in 8.057 seconds (process running for 9.426)
2024-10-03 22:05:12 - Initializing Spring DispatcherServlet 'dispatcherServlet'
2024-10-03 22:05:12 - Initializing Servlet 'dispatcherServlet'
2024-10-03 22:05:12 - Completed initialization in 1 ms
2024-10-03 22:05:28 - Error occurred while sending OTP: Cannot invoke "com.fincords.repository.OtpDetailsRepository.findByMobileNumber(String)" because "this.otpDetailsRepo" is null
2024-10-03 22:06:21 - HikariPool-1 - Thread starvation or clock leap detected (housekeeper delta=1m21s102ms939µs).
2024-10-03 22:10:59 - HikariPool-1 - Thread starvation or clock leap detected (housekeeper delta=1m32s137ms720µs700ns).
2024-10-03 22:11:53 - HikariPool-1 - Thread starvation or clock leap detected (housekeeper delta=54s325ms406µs900ns).
2024-10-03 22:11:53 - Error occurred while sending OTP: Cannot invoke "com.fincords.repository.OtpDetailsRepository.findByMobileNumber(String)" because "this.otpDetailsRepo" is null
2024-10-03 22:34:53 - Closing JPA EntityManagerFactory for persistence unit 'default'
2024-10-03 22:34:53 - HikariPool-1 - Shutdown initiated...
2024-10-03 22:34:53 - HikariPool-1 - Shutdown completed.
